[+] Containers:
 |- [+] Container: /Game/FirstPerson/Maps/FirstPersonMap
 |   |- [+] ActorDescs:
 |   |   |- Guid:00244D5041971C18CDA10AA03294D02F NativeClass:/Script/Engine.StaticMeshActor Name:StaticMeshActor_UAID_A8A159A9688BF8D002_1975297807 Label:Cube13 SpatiallyLoaded:true EditorBounds:IsValid=true, Min=(X=-3940.000 Y=-1850.000 Z=-50.000), Max=(X=-1440.000 Y=-1750.000 Z=450.000) RuntimeBounds:IsValid=true, Min=(X=-3940.000 Y=-1850.000 Z=-50.000), Max=(X=-1440.000 Y=-1750.000 Z=450.000) RuntimeGrid:None EditorOnly:false RuntimeOnly:false HLODRelevant:true ListedInSceneOutliner:true IsMainWorldOnly:false
 |   |   |- Guid:1644A0D9493A6DA77C5071BA01E9F250 NativeClass:/Script/Engine.StaticMeshActor Name:StaticMeshActor_UAID_A8A159A9688BF8D002_1878425800 Label:Cube6 SpatiallyLoaded:true EditorBounds:IsValid=true, Min=(X=-440.000 Y=-400.000 Z=-50.000), Max=(X=-340.000 Y=1600.000 Z=450.000) RuntimeBounds:IsValid=true, Min=(X=-440.000 Y=-400.000 Z=-50.000), Max=(X=-340.000 Y=1600.000 Z=450.000) RuntimeGrid:None EditorOnly:false RuntimeOnly:false HLODRelevant:true ListedInSceneOutliner:true IsMainWorldOnly:false
 |   |   |- Guid:1CE421DA4891EC6F3FA6589518A06E09 NativeClass:/Script/Engine.TextRenderActor Name:TextRenderActor_UAID_A8A159A9688BF7D002_1916784615 Label:TextRenderActor2 SpatiallyLoaded:true EditorBounds:IsValid=true, Min=(X=-598.100 Y=-2628.000 Z=32.013), Max=(X=-342.100 Y=-682.692 Z=288.013) RuntimeBounds:IsValid=true, Min=(X=-470.100 Y=-2500.000 Z=85.013), Max=(X=-470.100 Y=-682.692 Z=235.013) RuntimeGrid:None EditorOnly:false RuntimeOnly:false HLODRelevant:false ListedInSceneOutliner:true IsMainWorldOnly:false
 |   |   |- Guid:21262252453B37957EF29F82ABA2413B NativeClass:/Script/Engine.TextRenderActor Name:TextRenderActor_1 Label:TextRenderActor SpatiallyLoaded:true EditorBounds:IsValid=true, Min=(X=-598.100 Y=-2638.000 Z=162.013), Max=(X=-342.100 Y=-975.384 Z=418.013) RuntimeBounds:IsValid=true, Min=(X=-470.100 Y=-2510.000 Z=215.013), Max=(X=-470.100 Y=-975.384 Z=365.013) RuntimeGrid:None EditorOnly:false RuntimeOnly:false HLODRelevant:false ListedInSceneOutliner:true IsMainWorldOnly:false
 |   |   |- Guid:26676D6B4A832CE0C7F4948502FFD447 NativeClass:/Script/Engine.StaticMeshActor Name:StaticMeshActor_UAID_A8A159A9688BF8D002_1759496797 Label:Cube3 SpatiallyLoaded:true EditorBounds:IsValid=true, Min=(X=-440.000 Y=-1100.000 Z=-150.000), Max=(X=860.000 Y=100.000 Z=-50.000) RuntimeBounds:IsValid=true, Min=(X=-440.000 Y=-1100.000 Z=-150.000), Max=(X=860.000 Y=100.000 Z=-50.000) RuntimeGrid:None EditorOnly:false RuntimeOnly:false HLODRelevant:true ListedInSceneOutliner:true IsMainWorldOnly:false
 |   |   |- Guid:2A0F404A424D05D2175752B1EF54F907 NativeClass:/Script/Engine.PlayerStart Name:PlayerStart_UAID_A8A159A9688BFCD002_1102831520 Label:PlayerStart SpatiallyLoaded:false EditorBounds:IsValid=true, Min=(X=-1138.000 Y=-2488.000 Z=-86.000), Max=(X=-770.000 Y=-2232.000 Z=170.000) RuntimeBounds:IsValid=true, Min=(X=-1050.000 Y=-2400.000 Z=-50.000), Max=(X=-970.000 Y=-2320.000 Z=134.000) RuntimeGrid:None EditorOnly:false RuntimeOnly:false HLODRelevant:false ListedInSceneOutliner:true IsMainWorldOnly:false
 |   |   |- Guid:2D4E1D4F400052BF613522BEC7ACFF63 BaseClass:/Game/Portals/BP_Portal.BP_Portal_C NativeClass:/Script/firstperson415.Portal Name:BP_Portal_C_UAID_A8A159A9688BFDD002_1137658672 Label:BP_Portal2 SpatiallyLoaded:true EditorBounds:IsValid=true, Min=(X=-4760.000 Y=-2140.000 Z=-840.000), Max=(X=-2760.000 Y=-140.000 Z=1160.000) RuntimeBounds:IsValid=true, Min=(X=-3797.581 Y=-1340.000 Z=-110.000), Max=(X=-3520.000 Y=-940.000 Z=360.000) RuntimeGrid:None EditorOnly:false RuntimeOnly:false HLODRelevant:false ListedInSceneOutliner:true IsMainWorldOnly:false
 |   |   |- Guid:4657844641C0FC48F0B8B79F3CBE2A80 NativeClass:/Script/Engine.StaticMeshActor Name:StaticMeshActor_UAID_A8A159A9688BF8D002_1975288802 Label:Cube8 SpatiallyLoaded:true EditorBounds:IsValid=true, Min=(X=-1540.000 Y=-400.000 Z=-50.000), Max=(X=-1440.000 Y=1600.000 Z=450.000) RuntimeBounds:IsValid=true, Min=(X=-1540.000 Y=-400.000 Z=-50.000), Max=(X=-1440.000 Y=1600.000 Z=450.000) RuntimeGrid:None EditorOnly:false RuntimeOnly:false HLODRelevant:true ListedInSceneOutliner:true IsMainWorldOnly:false
 |   |   |- Guid:4A95DAC34DF12A79FABD33B5287B0191 NativeClass:/Script/Engine.StaticMeshActor Name:StaticMeshActor_UAID_A8A159A9688BF9D002_1101227987 Label:Cube15 SpatiallyLoaded:true EditorBounds:IsValid=true, Min=(X=-4040.000 Y=-1750.000 Z=-50.000), Max=(X=-3940.000 Y=750.000 Z=450.000) RuntimeBounds:IsValid=true, Min=(X=-4040.000 Y=-1750.000 Z=-50.000), Max=(X=-3940.000 Y=750.000 Z=450.000) RuntimeGrid:None EditorOnly:false RuntimeOnly:false HLODRelevant:true ListedInSceneOutliner:true IsMainWorldOnly:false
 |   |   |- Guid:4F5A0850440629C54B4032AD090B89E8 NativeClass:/Script/Engine.StaticMeshActor Name:StaticMeshActor_UAID_A8A159A9688BF8D002_1833617799 Label:Cube5 SpatiallyLoaded:true EditorBounds:IsValid=true, Min=(X=-340.000 Y=100.000 Z=-50.000), Max=(X=860.000 Y=200.000 Z=450.000) RuntimeBounds:IsValid=true, Min=(X=-340.000 Y=100.000 Z=-50.000), Max=(X=860.000 Y=200.000 Z=450.000) RuntimeGrid:None EditorOnly:false RuntimeOnly:false HLODRelevant:true ListedInSceneOutliner:true IsMainWorldOnly:false
 |   |   |- Guid:503301344EDD2580C9B8269BA1FF0C83 NativeClass:/Script/Engine.StaticMeshActor Name:StaticMeshActor_29 Label:SM_ChamferCube4 SpatiallyLoaded:true EditorBounds:IsValid=true, Min=(X=444.338 Y=-415.662 Z=0.063), Max=(X=655.662 Y=-204.338 Z=150.063) RuntimeBounds:IsValid=true, Min=(X=444.338 Y=-415.662 Z=0.063), Max=(X=655.662 Y=-204.338 Z=150.063) RuntimeGrid:None EditorOnly:false RuntimeOnly:false HLODRelevant:false ListedInSceneOutliner:true IsMainWorldOnly:false FolderPath:SimulatedCubes FolderGuid:9AEEADCB4DC6C647D6E7C0B4EDA1744F
 |   |   |- Guid:5F61D91844060B3756D2299B73D50BA3 NativeClass:/Script/Engine.StaticMeshActor Name:StaticMeshActor_UAID_A8A159A9688BF8D002_1653425795 Label:Cube2 SpatiallyLoaded:true EditorBounds:IsValid=true, Min=(X=-440.000 Y=-2600.000 Z=-50.000), Max=(X=-340.000 Y=-600.000 Z=450.000) RuntimeBounds:IsValid=true, Min=(X=-440.000 Y=-2600.000 Z=-50.000), Max=(X=-340.000 Y=-600.000 Z=450.000) RuntimeGrid:None EditorOnly:false RuntimeOnly:false HLODRelevant:true ListedInSceneOutliner:true IsMainWorldOnly:false
 |   |   |- Guid:5FE7584649BB6F09265329A6C57CFD0D NativeClass:/Script/Engine.VolumetricCloud Name:VolumetricCloud_0 Label:VolumetricCloud SpatiallyLoaded:false EditorBounds:IsValid=true, Min=(X=0.000 Y=0.000 Z=820.000), Max=(X=0.000 Y=0.000 Z=820.000) RuntimeBounds:IsValid=true, Min=(X=0.000 Y=0.000 Z=820.000), Max=(X=0.000 Y=0.000 Z=820.000) RuntimeGrid:None EditorOnly:false RuntimeOnly:false HLODRelevant:false ListedInSceneOutliner:true IsMainWorldOnly:false FolderPath:Lighting FolderGuid:0BA5F0A04EADB18E70D5B180D08FA34B
 |   |   |- Guid:61391D344900612A77DFC3BA3E354907 NativeClass:/Script/Engine.ExponentialHeightFog Name:ExponentialHeightFog_0 Label:ExponentialHeightFog SpatiallyLoaded:false EditorBounds:IsValid=true, Min=(X=-5600.000 Y=-50.000 Z=-6850.000), Max=(X=-5600.000 Y=-50.000 Z=-6850.000) RuntimeBounds:IsValid=true, Min=(X=-5600.000 Y=-50.000 Z=-6850.000), Max=(X=-5600.000 Y=-50.000 Z=-6850.000) RuntimeGrid:None EditorOnly:false RuntimeOnly:false HLODRelevant:false ListedInSceneOutliner:true IsMainWorldOnly:false FolderPath:Lighting FolderGuid:0BA5F0A04EADB18E70D5B180D08FA34B
 |   |   |- Guid:6A8BEC7B4A5ED99C7A332CAA315CDB2D BaseClass:/Game/MyPerlinProcTerrain.MyPerlinProcTerrain_C NativeClass:/Script/firstperson415.PerlinProcTerrain Name:MyPerlinProcTerrain_C_UAID_A8A159A9688BFDD002_1972361673 Label:MyPerlinProcTerrain SpatiallyLoaded:true EditorBounds:IsValid=true, Min=(X=-3940.000 Y=-1750.000 Z=-70.000), Max=(X=-3940.000 Y=-1750.000 Z=-70.000) RuntimeBounds:IsValid=true, Min=(X=-3940.000 Y=-1750.000 Z=-70.000), Max=(X=-3940.000 Y=-1750.000 Z=-70.000) RuntimeGrid:None EditorOnly:false RuntimeOnly:false HLODRelevant:false ListedInSceneOutliner:true IsMainWorldOnly:false
 |   |   |- Guid:6FEFB3BD4EB37B849EF0D4AC80F83855 NativeClass:/Script/Engine.WorldDataLayers Name:WorldDataLayers Label:WorldDataLayers SpatiallyLoaded:false EditorBounds:IsValid=true, Min=(X=0.000 Y=0.000 Z=0.000), Max=(X=0.000 Y=0.000 Z=0.000) RuntimeBounds:IsValid=true, Min=(X=0.000 Y=0.000 Z=0.000), Max=(X=0.000 Y=0.000 Z=0.000) RuntimeGrid:None EditorOnly:false RuntimeOnly:false HLODRelevant:false ListedInSceneOutliner:true IsMainWorldOnly:true
 |   |   |- Guid:74A6CF53447FDF45C15E278BC5E71B8C NativeClass:/Script/Engine.StaticMeshActor Name:StaticMeshActor_UAID_A8A159A9688BF8D002_1541686794 Label:Cube SpatiallyLoaded:true EditorBounds:IsValid=true, Min=(X=-1440.000 Y=-2600.000 Z=-150.000), Max=(X=-440.000 Y=2400.000 Z=-50.000) RuntimeBounds:IsValid=true, Min=(X=-1440.000 Y=-2600.000 Z=-150.000), Max=(X=-440.000 Y=2400.000 Z=-50.000) RuntimeGrid:None EditorOnly:false RuntimeOnly:false HLODRelevant:true ListedInSceneOutliner:true IsMainWorldOnly:false
 |   |   |- Guid:78907B824E304E162A9A02B9095F1FA1 NativeClass:/Script/Engine.StaticMeshActor Name:StaticMeshActor_43 Label:SM_ChamferCube9 SpatiallyLoaded:true EditorBounds:IsValid=true, Min=(X=521.292 Y=-970.801 Z=20.013), Max=(X=657.894 Y=-834.199 Z=120.013) RuntimeBounds:IsValid=true, Min=(X=521.292 Y=-970.801 Z=20.013), Max=(X=657.894 Y=-834.199 Z=120.013) RuntimeGrid:None EditorOnly:false RuntimeOnly:false HLODRelevant:false ListedInSceneOutliner:true IsMainWorldOnly:false FolderPath:SimulatedCubes FolderGuid:9AEEADCB4DC6C647D6E7C0B4EDA1744F
 |   |   |- Guid:7E17F8344F0B2C92AC18A692250D6A33 NativeClass:/Script/Engine.StaticMeshActor Name:StaticMeshActor_UAID_A8A159A9688BF8D002_1975292804 Label:Cube10 SpatiallyLoaded:true EditorBounds:IsValid=true, Min=(X=-1540.000 Y=-2600.000 Z=-50.000), Max=(X=-1440.000 Y=-600.000 Z=450.000) RuntimeBounds:IsValid=true, Min=(X=-1540.000 Y=-2600.000 Z=-50.000), Max=(X=-1440.000 Y=-600.000 Z=450.000) RuntimeGrid:None EditorOnly:false RuntimeOnly:false HLODRelevant:true ListedInSceneOutliner:true IsMainWorldOnly:false
 |   |   |- Guid:9B8D1C634534E91EBA1FB5A5A3511FA9 NativeClass:/Script/Engine.TextRenderActor Name:TextRenderActor_UAID_A8A159A9688BF8D002_2033071808 Label:TextRenderActor3 SpatiallyLoaded:true EditorBounds:IsValid=true, Min=(X=-1558.100 Y=-2501.538 Z=162.013), Max=(X=-1302.100 Y=-712.000 Z=418.013) RuntimeBounds:IsValid=true, Min=(X=-1430.100 Y=-2501.538 Z=215.013), Max=(X=-1430.100 Y=-840.000 Z=365.013) RuntimeGrid:None EditorOnly:false RuntimeOnly:false HLODRelevant:false ListedInSceneOutliner:true IsMainWorldOnly:false
 |   |   |- Guid:AF75E9264645FC62DE03B0BACA8395E0 NativeClass:/Script/Engine.StaticMeshActor Name:StaticMeshActor_UAID_A8A159A9688BF8D002_1802584798 Label:Cube4 SpatiallyLoaded:true EditorBounds:IsValid=true, Min=(X=-340.000 Y=-1190.000 Z=-50.000), Max=(X=860.000 Y=-1090.000 Z=450.000) RuntimeBounds:IsValid=true, Min=(X=-340.000 Y=-1190.000 Z=-50.000), Max=(X=860.000 Y=-1090.000 Z=450.000) RuntimeGrid:None EditorOnly:false RuntimeOnly:false HLODRelevant:true ListedInSceneOutliner:true IsMainWorldOnly:false
 |   |   |- Guid:B0718D6846706384220C03973177EDC1 NativeClass:/Script/Engine.StaticMeshActor Name:StaticMeshActor_44 Label:SM_ChamferCube10 SpatiallyLoaded:true EditorBounds:IsValid=true, Min=(X=469.330 Y=-1000.801 Z=120.013), Max=(X=605.933 Y=-864.199 Z=220.013) RuntimeBounds:IsValid=true, Min=(X=469.330 Y=-1000.801 Z=120.013), Max=(X=605.933 Y=-864.199 Z=220.013) RuntimeGrid:None EditorOnly:false RuntimeOnly:false HLODRelevant:false ListedInSceneOutliner:true IsMainWorldOnly:false FolderPath:SimulatedCubes FolderGuid:9AEEADCB4DC6C647D6E7C0B4EDA1744F
 |   |   |- Guid:B91A4D37448D57C62A060F850CF8B016 NativeClass:/Script/Engine.StaticMeshActor Name:StaticMeshActor_UAID_A8A159A9688BF9D002_1090019986 Label:Cube14 SpatiallyLoaded:true EditorBounds:IsValid=true, Min=(X=-3940.000 Y=740.000 Z=-50.000), Max=(X=-1440.000 Y=840.000 Z=450.000) RuntimeBounds:IsValid=true, Min=(X=-3940.000 Y=740.000 Z=-50.000), Max=(X=-1440.000 Y=840.000 Z=450.000) RuntimeGrid:None EditorOnly:false RuntimeOnly:false HLODRelevant:true ListedInSceneOutliner:true IsMainWorldOnly:false
 |   |   |- Guid:C0C56B9644AE3D40CAFF6A878DB29844 NativeClass:/Script/Engine.StaticMeshActor Name:StaticMeshActor_UAID_A4AE111137DC5EFB00_2001720423 Label:SM_SkySphere SpatiallyLoaded:false EditorBounds:IsValid=true, Min=(X=-1638870.000 Y=-1640080.000 Z=-1638460.000), Max=(X=1637930.000 Y=1636720.000 Z=1638340.000) RuntimeBounds:IsValid=true, Min=(X=-1638870.000 Y=-1640080.000 Z=-1638460.000), Max=(X=1637930.000 Y=1636720.000 Z=1638340.000) RuntimeGrid:None EditorOnly:false RuntimeOnly:false HLODRelevant:false ListedInSceneOutliner:true IsMainWorldOnly:false FolderPath:Lighting FolderGuid:0BA5F0A04EADB18E70D5B180D08FA34B
 |   |   |- Guid:C22CE07C4B87D685137FDBBC10FC92C6 NativeClass:/Script/Engine.SkyAtmosphere Name:SkyAtmosphere_0 Label:SkyAtmosphere SpatiallyLoaded:false EditorBounds:IsValid=true, Min=(X=0.000 Y=0.000 Z=1020.000), Max=(X=0.000 Y=0.000 Z=1020.000) RuntimeBounds:IsValid=true, Min=(X=0.000 Y=0.000 Z=1020.000), Max=(X=0.000 Y=0.000 Z=1020.000) RuntimeGrid:None EditorOnly:false RuntimeOnly:false HLODRelevant:false ListedInSceneOutliner:true IsMainWorldOnly:false FolderPath:Lighting FolderGuid:0BA5F0A04EADB18E70D5B180D08FA34B
 |   |   |- Guid:C6319E8E483E77C9C599588A6BCF161F BaseClass:/Game/Portals/BP_Portal.BP_Portal_C NativeClass:/Script/firstperson415.Portal Name:BP_Portal_C_UAID_A8A159A9688BFCD002_2143352495 Label:BP_Portal SpatiallyLoaded:true EditorBounds:IsValid=true, Min=(X=-2790.000 Y=-800.000 Z=-840.000), Max=(X=-790.000 Y=1200.000 Z=1160.000) RuntimeBounds:IsValid=true, Min=(X=-2030.000 Y=-0.000 Z=-110.000), Max=(X=-1752.419 Y=400.000 Z=360.000) RuntimeGrid:None EditorOnly:false RuntimeOnly:false HLODRelevant:false ListedInSceneOutliner:true IsMainWorldOnly:false
 |   |   |- Guid:CD129D254300A68640CBF0AF17EC9390 NativeClass:/Script/Engine.TextRenderActor Name:TextRenderActor_UAID_A8A159A9688BF8D002_2033075809 Label:TextRenderActor4 SpatiallyLoaded:true EditorBounds:IsValid=true, Min=(X=-1558.100 Y=-1865.385 Z=32.013), Max=(X=-1302.100 Y=-722.000 Z=288.013) RuntimeBounds:IsValid=true, Min=(X=-1430.100 Y=-1865.385 Z=85.013), Max=(X=-1430.100 Y=-850.000 Z=235.013) RuntimeGrid:None EditorOnly:false RuntimeOnly:false HLODRelevant:false ListedInSceneOutliner:true IsMainWorldOnly:false
 |   |   |- Guid:CE8D82634660FCDB3120E2B8D547C533 NativeClass:/Script/Engine.PostProcessVolume Name:PostProcessVolume_0 Label:PostProcessVolume SpatiallyLoaded:false EditorBounds:IsValid=true, Min=(X=0.000 Y=0.000 Z=400.000), Max=(X=200.000 Y=200.000 Z=600.000) RuntimeBounds:IsValid=true, Min=(X=0.000 Y=0.000 Z=400.000), Max=(X=200.000 Y=200.000 Z=600.000) RuntimeGrid:None EditorOnly:false RuntimeOnly:false HLODRelevant:false ListedInSceneOutliner:true IsMainWorldOnly:false FolderPath:Lighting FolderGuid:0BA5F0A04EADB18E70D5B180D08FA34B
 |   |   |- Guid:DA2BC7F64FEEEB584CCF90A270AC2F37 NativeClass:/Script/Engine.StaticMeshActor Name:StaticMeshActor_UAID_A8A159A9688BF8D002_1888879801 Label:Cube7 SpatiallyLoaded:true EditorBounds:IsValid=true, Min=(X=860.000 Y=-1100.000 Z=-50.000), Max=(X=960.000 Y=100.000 Z=450.000) RuntimeBounds:IsValid=true, Min=(X=860.000 Y=-1100.000 Z=-50.000), Max=(X=960.000 Y=100.000 Z=450.000) RuntimeGrid:None EditorOnly:false RuntimeOnly:false HLODRelevant:true ListedInSceneOutliner:true IsMainWorldOnly:false
 |   |   |- Guid:E5320C1B4FD9764CE7B54D8487AEC613 NativeClass:/Script/Engine.SkyLight Name:SkyLight_0 Label:SkyLight SpatiallyLoaded:false EditorBounds:IsValid=true, Min=(X=0.000 Y=0.000 Z=690.000), Max=(X=0.000 Y=0.000 Z=690.000) RuntimeBounds:IsValid=true, Min=(X=0.000 Y=0.000 Z=690.000), Max=(X=0.000 Y=0.000 Z=690.000) RuntimeGrid:None EditorOnly:false RuntimeOnly:false HLODRelevant:false ListedInSceneOutliner:true IsMainWorldOnly:false FolderPath:Lighting FolderGuid:0BA5F0A04EADB18E70D5B180D08FA34B
 |   |   |- Guid:EE66F4454A4A9F99393F559AB739C05E BaseClass:/Game/FirstPerson/Blueprints/BP_Pickup_Rifle.BP_Pickup_Rifle_C NativeClass:/Script/Engine.Actor Name:BP_Rifle_C_1 Label:BP_Pickup_Rifle SpatiallyLoaded:true EditorBounds:IsValid=true, Min=(X=-1132.000 Y=-2282.000 Z=-46.000), Max=(X=-1068.000 Y=-2192.560 Z=18.000) RuntimeBounds:IsValid=true, Min=(X=-1132.000 Y=-2282.000 Z=-46.000), Max=(X=-1068.000 Y=-2192.560 Z=18.000) RuntimeGrid:None EditorOnly:false RuntimeOnly:false HLODRelevant:false ListedInSceneOutliner:true IsMainWorldOnly:false
 |   |   |- Guid:F80621C9446867154938FE81375207DA NativeClass:/Script/Engine.DirectionalLight Name:DirectionalLight_1 Label:DirectionalLight SpatiallyLoaded:false EditorBounds:IsValid=true, Min=(X=-1048576.000 Y=-1048576.000 Z=-1048576.000), Max=(X=1048576.000 Y=1048576.000 Z=1048576.000) RuntimeBounds:IsValid=true, Min=(X=-1048576.000 Y=-1048576.000 Z=-1048576.000), Max=(X=1048576.000 Y=1048576.000 Z=1048576.000) RuntimeGrid:None EditorOnly:false RuntimeOnly:false HLODRelevant:false ListedInSceneOutliner:true IsMainWorldOnly:false FolderPath:Lighting FolderGuid:0BA5F0A04EADB18E70D5B180D08FA34B
 |   |   |- Guid:FE369CF94A071F9176E524A237CA92AA NativeClass:/Script/Engine.StaticMeshActor Name:StaticMeshActor_1 Label:SM_ChamferCube SpatiallyLoaded:true EditorBounds:IsValid=true, Min=(X=421.699 Y=-1028.301 Z=20.013), Max=(X=558.301 Y=-891.699 Z=120.013) RuntimeBounds:IsValid=true, Min=(X=421.699 Y=-1028.301 Z=20.013), Max=(X=558.301 Y=-891.699 Z=120.013) RuntimeGrid:None EditorOnly:false RuntimeOnly:false HLODRelevant:false ListedInSceneOutliner:true IsMainWorldOnly:false FolderPath:SimulatedCubes FolderGuid:9AEEADCB4DC6C647D6E7C0B4EDA1744F
 |   |- [+] Clusters:
 |   |   |- [+] [  0]
 |   |   |   |- Guid:00244D5041971C18CDA10AA03294D02F NativeClass:/Script/Engine.StaticMeshActor Name:StaticMeshActor_UAID_A8A159A9688BF8D002_1975297807 Label:Cube13 SpatiallyLoaded:true EditorBounds:IsValid=true, Min=(X=-3940.000 Y=-1850.000 Z=-50.000), Max=(X=-1440.000 Y=-1750.000 Z=450.000) RuntimeBounds:IsValid=true, Min=(X=-3940.000 Y=-1850.000 Z=-50.000), Max=(X=-1440.000 Y=-1750.000 Z=450.000) RuntimeGrid:None EditorOnly:false RuntimeOnly:false HLODRelevant:true ListedInSceneOutliner:true IsMainWorldOnly:false
 |   |   |- [+] [  1]
 |   |   |   |- Guid:1644A0D9493A6DA77C5071BA01E9F250 NativeClass:/Script/Engine.StaticMeshActor Name:StaticMeshActor_UAID_A8A159A9688BF8D002_1878425800 Label:Cube6 SpatiallyLoaded:true EditorBounds:IsValid=true, Min=(X=-440.000 Y=-400.000 Z=-50.000), Max=(X=-340.000 Y=1600.000 Z=450.000) RuntimeBounds:IsValid=true, Min=(X=-440.000 Y=-400.000 Z=-50.000), Max=(X=-340.000 Y=1600.000 Z=450.000) RuntimeGrid:None EditorOnly:false RuntimeOnly:false HLODRelevant:true ListedInSceneOutliner:true IsMainWorldOnly:false
 |   |   |- [+] [  2]
 |   |   |   |- Guid:1CE421DA4891EC6F3FA6589518A06E09 NativeClass:/Script/Engine.TextRenderActor Name:TextRenderActor_UAID_A8A159A9688BF7D002_1916784615 Label:TextRenderActor2 SpatiallyLoaded:true EditorBounds:IsValid=true, Min=(X=-598.100 Y=-2628.000 Z=32.013), Max=(X=-342.100 Y=-682.692 Z=288.013) RuntimeBounds:IsValid=true, Min=(X=-470.100 Y=-2500.000 Z=85.013), Max=(X=-470.100 Y=-682.692 Z=235.013) RuntimeGrid:None EditorOnly:false RuntimeOnly:false HLODRelevant:false ListedInSceneOutliner:true IsMainWorldOnly:false
 |   |   |- [+] [  3]
 |   |   |   |- Guid:21262252453B37957EF29F82ABA2413B NativeClass:/Script/Engine.TextRenderActor Name:TextRenderActor_1 Label:TextRenderActor SpatiallyLoaded:true EditorBounds:IsValid=true, Min=(X=-598.100 Y=-2638.000 Z=162.013), Max=(X=-342.100 Y=-975.384 Z=418.013) RuntimeBounds:IsValid=true, Min=(X=-470.100 Y=-2510.000 Z=215.013), Max=(X=-470.100 Y=-975.384 Z=365.013) RuntimeGrid:None EditorOnly:false RuntimeOnly:false HLODRelevant:false ListedInSceneOutliner:true IsMainWorldOnly:false
 |   |   |- [+] [  4]
 |   |   |   |- Guid:26676D6B4A832CE0C7F4948502FFD447 NativeClass:/Script/Engine.StaticMeshActor Name:StaticMeshActor_UAID_A8A159A9688BF8D002_1759496797 Label:Cube3 SpatiallyLoaded:true EditorBounds:IsValid=true, Min=(X=-440.000 Y=-1100.000 Z=-150.000), Max=(X=860.000 Y=100.000 Z=-50.000) RuntimeBounds:IsValid=true, Min=(X=-440.000 Y=-1100.000 Z=-150.000), Max=(X=860.000 Y=100.000 Z=-50.000) RuntimeGrid:None EditorOnly:false RuntimeOnly:false HLODRelevant:true ListedInSceneOutliner:true IsMainWorldOnly:false
 |   |   |- [+] [  5]
 |   |   |   |- Guid:2A0F404A424D05D2175752B1EF54F907 NativeClass:/Script/Engine.PlayerStart Name:PlayerStart_UAID_A8A159A9688BFCD002_1102831520 Label:PlayerStart SpatiallyLoaded:false EditorBounds:IsValid=true, Min=(X=-1138.000 Y=-2488.000 Z=-86.000), Max=(X=-770.000 Y=-2232.000 Z=170.000) RuntimeBounds:IsValid=true, Min=(X=-1050.000 Y=-2400.000 Z=-50.000), Max=(X=-970.000 Y=-2320.000 Z=134.000) RuntimeGrid:None EditorOnly:false RuntimeOnly:false HLODRelevant:false ListedInSceneOutliner:true IsMainWorldOnly:false
 |   |   |- [+] [  6]
 |   |   |   |- Guid:2D4E1D4F400052BF613522BEC7ACFF63 BaseClass:/Game/Portals/BP_Portal.BP_Portal_C NativeClass:/Script/firstperson415.Portal Name:BP_Portal_C_UAID_A8A159A9688BFDD002_1137658672 Label:BP_Portal2 SpatiallyLoaded:true EditorBounds:IsValid=true, Min=(X=-4760.000 Y=-2140.000 Z=-840.000), Max=(X=-2760.000 Y=-140.000 Z=1160.000) RuntimeBounds:IsValid=true, Min=(X=-3797.581 Y=-1340.000 Z=-110.000), Max=(X=-3520.000 Y=-940.000 Z=360.000) RuntimeGrid:None EditorOnly:false RuntimeOnly:false HLODRelevant:false ListedInSceneOutliner:true IsMainWorldOnly:false
 |   |   |   |- Guid:C6319E8E483E77C9C599588A6BCF161F BaseClass:/Game/Portals/BP_Portal.BP_Portal_C NativeClass:/Script/firstperson415.Portal Name:BP_Portal_C_UAID_A8A159A9688BFCD002_2143352495 Label:BP_Portal SpatiallyLoaded:true EditorBounds:IsValid=true, Min=(X=-2790.000 Y=-800.000 Z=-840.000), Max=(X=-790.000 Y=1200.000 Z=1160.000) RuntimeBounds:IsValid=true, Min=(X=-2030.000 Y=-0.000 Z=-110.000), Max=(X=-1752.419 Y=400.000 Z=360.000) RuntimeGrid:None EditorOnly:false RuntimeOnly:false HLODRelevant:false ListedInSceneOutliner:true IsMainWorldOnly:false
 |   |   |- [+] [  7]
 |   |   |   |- Guid:4657844641C0FC48F0B8B79F3CBE2A80 NativeClass:/Script/Engine.StaticMeshActor Name:StaticMeshActor_UAID_A8A159A9688BF8D002_1975288802 Label:Cube8 SpatiallyLoaded:true EditorBounds:IsValid=true, Min=(X=-1540.000 Y=-400.000 Z=-50.000), Max=(X=-1440.000 Y=1600.000 Z=450.000) RuntimeBounds:IsValid=true, Min=(X=-1540.000 Y=-400.000 Z=-50.000), Max=(X=-1440.000 Y=1600.000 Z=450.000) RuntimeGrid:None EditorOnly:false RuntimeOnly:false HLODRelevant:true ListedInSceneOutliner:true IsMainWorldOnly:false
 |   |   |- [+] [  8]
 |   |   |   |- Guid:4A95DAC34DF12A79FABD33B5287B0191 NativeClass:/Script/Engine.StaticMeshActor Name:StaticMeshActor_UAID_A8A159A9688BF9D002_1101227987 Label:Cube15 SpatiallyLoaded:true EditorBounds:IsValid=true, Min=(X=-4040.000 Y=-1750.000 Z=-50.000), Max=(X=-3940.000 Y=750.000 Z=450.000) RuntimeBounds:IsValid=true, Min=(X=-4040.000 Y=-1750.000 Z=-50.000), Max=(X=-3940.000 Y=750.000 Z=450.000) RuntimeGrid:None EditorOnly:false RuntimeOnly:false HLODRelevant:true ListedInSceneOutliner:true IsMainWorldOnly:false
 |   |   |- [+] [  9]
 |   |   |   |- Guid:4F5A0850440629C54B4032AD090B89E8 NativeClass:/Script/Engine.StaticMeshActor Name:StaticMeshActor_UAID_A8A159A9688BF8D002_1833617799 Label:Cube5 SpatiallyLoaded:true EditorBounds:IsValid=true, Min=(X=-340.000 Y=100.000 Z=-50.000), Max=(X=860.000 Y=200.000 Z=450.000) RuntimeBounds:IsValid=true, Min=(X=-340.000 Y=100.000 Z=-50.000), Max=(X=860.000 Y=200.000 Z=450.000) RuntimeGrid:None EditorOnly:false RuntimeOnly:false HLODRelevant:true ListedInSceneOutliner:true IsMainWorldOnly:false
 |   |   |- [+] [ 10]
 |   |   |   |- Guid:503301344EDD2580C9B8269BA1FF0C83 NativeClass:/Script/Engine.StaticMeshActor Name:StaticMeshActor_29 Label:SM_ChamferCube4 SpatiallyLoaded:true EditorBounds:IsValid=true, Min=(X=444.338 Y=-415.662 Z=0.063), Max=(X=655.662 Y=-204.338 Z=150.063) RuntimeBounds:IsValid=true, Min=(X=444.338 Y=-415.662 Z=0.063), Max=(X=655.662 Y=-204.338 Z=150.063) RuntimeGrid:None EditorOnly:false RuntimeOnly:false HLODRelevant:false ListedInSceneOutliner:true IsMainWorldOnly:false FolderPath:SimulatedCubes FolderGuid:9AEEADCB4DC6C647D6E7C0B4EDA1744F
 |   |   |- [+] [ 11]
 |   |   |   |- Guid:5F61D91844060B3756D2299B73D50BA3 NativeClass:/Script/Engine.StaticMeshActor Name:StaticMeshActor_UAID_A8A159A9688BF8D002_1653425795 Label:Cube2 SpatiallyLoaded:true EditorBounds:IsValid=true, Min=(X=-440.000 Y=-2600.000 Z=-50.000), Max=(X=-340.000 Y=-600.000 Z=450.000) RuntimeBounds:IsValid=true, Min=(X=-440.000 Y=-2600.000 Z=-50.000), Max=(X=-340.000 Y=-600.000 Z=450.000) RuntimeGrid:None EditorOnly:false RuntimeOnly:false HLODRelevant:true ListedInSceneOutliner:true IsMainWorldOnly:false
 |   |   |- [+] [ 12]
 |   |   |   |- Guid:5FE7584649BB6F09265329A6C57CFD0D NativeClass:/Script/Engine.VolumetricCloud Name:VolumetricCloud_0 Label:VolumetricCloud SpatiallyLoaded:false EditorBounds:IsValid=true, Min=(X=0.000 Y=0.000 Z=820.000), Max=(X=0.000 Y=0.000 Z=820.000) RuntimeBounds:IsValid=true, Min=(X=0.000 Y=0.000 Z=820.000), Max=(X=0.000 Y=0.000 Z=820.000) RuntimeGrid:None EditorOnly:false RuntimeOnly:false HLODRelevant:false ListedInSceneOutliner:true IsMainWorldOnly:false FolderPath:Lighting FolderGuid:0BA5F0A04EADB18E70D5B180D08FA34B
 |   |   |- [+] [ 13]
 |   |   |   |- Guid:61391D344900612A77DFC3BA3E354907 NativeClass:/Script/Engine.ExponentialHeightFog Name:ExponentialHeightFog_0 Label:ExponentialHeightFog SpatiallyLoaded:false EditorBounds:IsValid=true, Min=(X=-5600.000 Y=-50.000 Z=-6850.000), Max=(X=-5600.000 Y=-50.000 Z=-6850.000) RuntimeBounds:IsValid=true, Min=(X=-5600.000 Y=-50.000 Z=-6850.000), Max=(X=-5600.000 Y=-50.000 Z=-6850.000) RuntimeGrid:None EditorOnly:false RuntimeOnly:false HLODRelevant:false ListedInSceneOutliner:true IsMainWorldOnly:false FolderPath:Lighting FolderGuid:0BA5F0A04EADB18E70D5B180D08FA34B
 |   |   |- [+] [ 14]
 |   |   |   |- Guid:6A8BEC7B4A5ED99C7A332CAA315CDB2D BaseClass:/Game/MyPerlinProcTerrain.MyPerlinProcTerrain_C NativeClass:/Script/firstperson415.PerlinProcTerrain Name:MyPerlinProcTerrain_C_UAID_A8A159A9688BFDD002_1972361673 Label:MyPerlinProcTerrain SpatiallyLoaded:true EditorBounds:IsValid=true, Min=(X=-3940.000 Y=-1750.000 Z=-70.000), Max=(X=-3940.000 Y=-1750.000 Z=-70.000) RuntimeBounds:IsValid=true, Min=(X=-3940.000 Y=-1750.000 Z=-70.000), Max=(X=-3940.000 Y=-1750.000 Z=-70.000) RuntimeGrid:None EditorOnly:false RuntimeOnly:false HLODRelevant:false ListedInSceneOutliner:true IsMainWorldOnly:false
 |   |   |- [+] [ 15]
 |   |   |   |- Guid:6FEFB3BD4EB37B849EF0D4AC80F83855 NativeClass:/Script/Engine.WorldDataLayers Name:WorldDataLayers Label:WorldDataLayers SpatiallyLoaded:false EditorBounds:IsValid=true, Min=(X=0.000 Y=0.000 Z=0.000), Max=(X=0.000 Y=0.000 Z=0.000) RuntimeBounds:IsValid=true, Min=(X=0.000 Y=0.000 Z=0.000), Max=(X=0.000 Y=0.000 Z=0.000) RuntimeGrid:None EditorOnly:false RuntimeOnly:false HLODRelevant:false ListedInSceneOutliner:true IsMainWorldOnly:true
 |   |   |- [+] [ 16]
 |   |   |   |- Guid:74A6CF53447FDF45C15E278BC5E71B8C NativeClass:/Script/Engine.StaticMeshActor Name:StaticMeshActor_UAID_A8A159A9688BF8D002_1541686794 Label:Cube SpatiallyLoaded:true EditorBounds:IsValid=true, Min=(X=-1440.000 Y=-2600.000 Z=-150.000), Max=(X=-440.000 Y=2400.000 Z=-50.000) RuntimeBounds:IsValid=true, Min=(X=-1440.000 Y=-2600.000 Z=-150.000), Max=(X=-440.000 Y=2400.000 Z=-50.000) RuntimeGrid:None EditorOnly:false RuntimeOnly:false HLODRelevant:true ListedInSceneOutliner:true IsMainWorldOnly:false
 |   |   |- [+] [ 17]
 |   |   |   |- Guid:78907B824E304E162A9A02B9095F1FA1 NativeClass:/Script/Engine.StaticMeshActor Name:StaticMeshActor_43 Label:SM_ChamferCube9 SpatiallyLoaded:true EditorBounds:IsValid=true, Min=(X=521.292 Y=-970.801 Z=20.013), Max=(X=657.894 Y=-834.199 Z=120.013) RuntimeBounds:IsValid=true, Min=(X=521.292 Y=-970.801 Z=20.013), Max=(X=657.894 Y=-834.199 Z=120.013) RuntimeGrid:None EditorOnly:false RuntimeOnly:false HLODRelevant:false ListedInSceneOutliner:true IsMainWorldOnly:false FolderPath:SimulatedCubes FolderGuid:9AEEADCB4DC6C647D6E7C0B4EDA1744F
 |   |   |- [+] [ 18]
 |   |   |   |- Guid:7E17F8344F0B2C92AC18A692250D6A33 NativeClass:/Script/Engine.StaticMeshActor Name:StaticMeshActor_UAID_A8A159A9688BF8D002_1975292804 Label:Cube10 SpatiallyLoaded:true EditorBounds:IsValid=true, Min=(X=-1540.000 Y=-2600.000 Z=-50.000), Max=(X=-1440.000 Y=-600.000 Z=450.000) RuntimeBounds:IsValid=true, Min=(X=-1540.000 Y=-2600.000 Z=-50.000), Max=(X=-1440.000 Y=-600.000 Z=450.000) RuntimeGrid:None EditorOnly:false RuntimeOnly:false HLODRelevant:true ListedInSceneOutliner:true IsMainWorldOnly:false
 |   |   |- [+] [ 19]
 |   |   |   |- Guid:9B8D1C634534E91EBA1FB5A5A3511FA9 NativeClass:/Script/Engine.TextRenderActor Name:TextRenderActor_UAID_A8A159A9688BF8D002_2033071808 Label:TextRenderActor3 SpatiallyLoaded:true EditorBounds:IsValid=true, Min=(X=-1558.100 Y=-2501.538 Z=162.013), Max=(X=-1302.100 Y=-712.000 Z=418.013) RuntimeBounds:IsValid=true, Min=(X=-1430.100 Y=-2501.538 Z=215.013), Max=(X=-1430.100 Y=-840.000 Z=365.013) RuntimeGrid:None EditorOnly:false RuntimeOnly:false HLODRelevant:false ListedInSceneOutliner:true IsMainWorldOnly:false
 |   |   |- [+] [ 20]
 |   |   |   |- Guid:AF75E9264645FC62DE03B0BACA8395E0 NativeClass:/Script/Engine.StaticMeshActor Name:StaticMeshActor_UAID_A8A159A9688BF8D002_1802584798 Label:Cube4 SpatiallyLoaded:true EditorBounds:IsValid=true, Min=(X=-340.000 Y=-1190.000 Z=-50.000), Max=(X=860.000 Y=-1090.000 Z=450.000) RuntimeBounds:IsValid=true, Min=(X=-340.000 Y=-1190.000 Z=-50.000), Max=(X=860.000 Y=-1090.000 Z=450.000) RuntimeGrid:None EditorOnly:false RuntimeOnly:false HLODRelevant:true ListedInSceneOutliner:true IsMainWorldOnly:false
 |   |   |- [+] [ 21]
 |   |   |   |- Guid:B0718D6846706384220C03973177EDC1 NativeClass:/Script/Engine.StaticMeshActor Name:StaticMeshActor_44 Label:SM_ChamferCube10 SpatiallyLoaded:true EditorBounds:IsValid=true, Min=(X=469.330 Y=-1000.801 Z=120.013), Max=(X=605.933 Y=-864.199 Z=220.013) RuntimeBounds:IsValid=true, Min=(X=469.330 Y=-1000.801 Z=120.013), Max=(X=605.933 Y=-864.199 Z=220.013) RuntimeGrid:None EditorOnly:false RuntimeOnly:false HLODRelevant:false ListedInSceneOutliner:true IsMainWorldOnly:false FolderPath:SimulatedCubes FolderGuid:9AEEADCB4DC6C647D6E7C0B4EDA1744F
 |   |   |- [+] [ 22]
 |   |   |   |- Guid:B91A4D37448D57C62A060F850CF8B016 NativeClass:/Script/Engine.StaticMeshActor Name:StaticMeshActor_UAID_A8A159A9688BF9D002_1090019986 Label:Cube14 SpatiallyLoaded:true EditorBounds:IsValid=true, Min=(X=-3940.000 Y=740.000 Z=-50.000), Max=(X=-1440.000 Y=840.000 Z=450.000) RuntimeBounds:IsValid=true, Min=(X=-3940.000 Y=740.000 Z=-50.000), Max=(X=-1440.000 Y=840.000 Z=450.000) RuntimeGrid:None EditorOnly:false RuntimeOnly:false HLODRelevant:true ListedInSceneOutliner:true IsMainWorldOnly:false
 |   |   |- [+] [ 23]
 |   |   |   |- Guid:C0C56B9644AE3D40CAFF6A878DB29844 NativeClass:/Script/Engine.StaticMeshActor Name:StaticMeshActor_UAID_A4AE111137DC5EFB00_2001720423 Label:SM_SkySphere SpatiallyLoaded:false EditorBounds:IsValid=true, Min=(X=-1638870.000 Y=-1640080.000 Z=-1638460.000), Max=(X=1637930.000 Y=1636720.000 Z=1638340.000) RuntimeBounds:IsValid=true, Min=(X=-1638870.000 Y=-1640080.000 Z=-1638460.000), Max=(X=1637930.000 Y=1636720.000 Z=1638340.000) RuntimeGrid:None EditorOnly:false RuntimeOnly:false HLODRelevant:false ListedInSceneOutliner:true IsMainWorldOnly:false FolderPath:Lighting FolderGuid:0BA5F0A04EADB18E70D5B180D08FA34B
 |   |   |- [+] [ 24]
 |   |   |   |- Guid:C22CE07C4B87D685137FDBBC10FC92C6 NativeClass:/Script/Engine.SkyAtmosphere Name:SkyAtmosphere_0 Label:SkyAtmosphere SpatiallyLoaded:false EditorBounds:IsValid=true, Min=(X=0.000 Y=0.000 Z=1020.000), Max=(X=0.000 Y=0.000 Z=1020.000) RuntimeBounds:IsValid=true, Min=(X=0.000 Y=0.000 Z=1020.000), Max=(X=0.000 Y=0.000 Z=1020.000) RuntimeGrid:None EditorOnly:false RuntimeOnly:false HLODRelevant:false ListedInSceneOutliner:true IsMainWorldOnly:false FolderPath:Lighting FolderGuid:0BA5F0A04EADB18E70D5B180D08FA34B
 |   |   |- [+] [ 25]
 |   |   |   |- Guid:CD129D254300A68640CBF0AF17EC9390 NativeClass:/Script/Engine.TextRenderActor Name:TextRenderActor_UAID_A8A159A9688BF8D002_2033075809 Label:TextRenderActor4 SpatiallyLoaded:true EditorBounds:IsValid=true, Min=(X=-1558.100 Y=-1865.385 Z=32.013), Max=(X=-1302.100 Y=-722.000 Z=288.013) RuntimeBounds:IsValid=true, Min=(X=-1430.100 Y=-1865.385 Z=85.013), Max=(X=-1430.100 Y=-850.000 Z=235.013) RuntimeGrid:None EditorOnly:false RuntimeOnly:false HLODRelevant:false ListedInSceneOutliner:true IsMainWorldOnly:false
 |   |   |- [+] [ 26]
 |   |   |   |- Guid:CE8D82634660FCDB3120E2B8D547C533 NativeClass:/Script/Engine.PostProcessVolume Name:PostProcessVolume_0 Label:PostProcessVolume SpatiallyLoaded:false EditorBounds:IsValid=true, Min=(X=0.000 Y=0.000 Z=400.000), Max=(X=200.000 Y=200.000 Z=600.000) RuntimeBounds:IsValid=true, Min=(X=0.000 Y=0.000 Z=400.000), Max=(X=200.000 Y=200.000 Z=600.000) RuntimeGrid:None EditorOnly:false RuntimeOnly:false HLODRelevant:false ListedInSceneOutliner:true IsMainWorldOnly:false FolderPath:Lighting FolderGuid:0BA5F0A04EADB18E70D5B180D08FA34B
 |   |   |- [+] [ 27]
 |   |   |   |- Guid:DA2BC7F64FEEEB584CCF90A270AC2F37 NativeClass:/Script/Engine.StaticMeshActor Name:StaticMeshActor_UAID_A8A159A9688BF8D002_1888879801 Label:Cube7 SpatiallyLoaded:true EditorBounds:IsValid=true, Min=(X=860.000 Y=-1100.000 Z=-50.000), Max=(X=960.000 Y=100.000 Z=450.000) RuntimeBounds:IsValid=true, Min=(X=860.000 Y=-1100.000 Z=-50.000), Max=(X=960.000 Y=100.000 Z=450.000) RuntimeGrid:None EditorOnly:false RuntimeOnly:false HLODRelevant:true ListedInSceneOutliner:true IsMainWorldOnly:false
 |   |   |- [+] [ 28]
 |   |   |   |- Guid:E5320C1B4FD9764CE7B54D8487AEC613 NativeClass:/Script/Engine.SkyLight Name:SkyLight_0 Label:SkyLight SpatiallyLoaded:false EditorBounds:IsValid=true, Min=(X=0.000 Y=0.000 Z=690.000), Max=(X=0.000 Y=0.000 Z=690.000) RuntimeBounds:IsValid=true, Min=(X=0.000 Y=0.000 Z=690.000), Max=(X=0.000 Y=0.000 Z=690.000) RuntimeGrid:None EditorOnly:false RuntimeOnly:false HLODRelevant:false ListedInSceneOutliner:true IsMainWorldOnly:false FolderPath:Lighting FolderGuid:0BA5F0A04EADB18E70D5B180D08FA34B
 |   |   |- [+] [ 29]
 |   |   |   |- Guid:EE66F4454A4A9F99393F559AB739C05E BaseClass:/Game/FirstPerson/Blueprints/BP_Pickup_Rifle.BP_Pickup_Rifle_C NativeClass:/Script/Engine.Actor Name:BP_Rifle_C_1 Label:BP_Pickup_Rifle SpatiallyLoaded:true EditorBounds:IsValid=true, Min=(X=-1132.000 Y=-2282.000 Z=-46.000), Max=(X=-1068.000 Y=-2192.560 Z=18.000) RuntimeBounds:IsValid=true, Min=(X=-1132.000 Y=-2282.000 Z=-46.000), Max=(X=-1068.000 Y=-2192.560 Z=18.000) RuntimeGrid:None EditorOnly:false RuntimeOnly:false HLODRelevant:false ListedInSceneOutliner:true IsMainWorldOnly:false
 |   |   |- [+] [ 30]
 |   |   |   |- Guid:F80621C9446867154938FE81375207DA NativeClass:/Script/Engine.DirectionalLight Name:DirectionalLight_1 Label:DirectionalLight SpatiallyLoaded:false EditorBounds:IsValid=true, Min=(X=-1048576.000 Y=-1048576.000 Z=-1048576.000), Max=(X=1048576.000 Y=1048576.000 Z=1048576.000) RuntimeBounds:IsValid=true, Min=(X=-1048576.000 Y=-1048576.000 Z=-1048576.000), Max=(X=1048576.000 Y=1048576.000 Z=1048576.000) RuntimeGrid:None EditorOnly:false RuntimeOnly:false HLODRelevant:false ListedInSceneOutliner:true IsMainWorldOnly:false FolderPath:Lighting FolderGuid:0BA5F0A04EADB18E70D5B180D08FA34B
 |   |   |- [+] [ 31]
 |   |   |   |- Guid:FE369CF94A071F9176E524A237CA92AA NativeClass:/Script/Engine.StaticMeshActor Name:StaticMeshActor_1 Label:SM_ChamferCube SpatiallyLoaded:true EditorBounds:IsValid=true, Min=(X=421.699 Y=-1028.301 Z=20.013), Max=(X=558.301 Y=-891.699 Z=120.013) RuntimeBounds:IsValid=true, Min=(X=421.699 Y=-1028.301 Z=20.013), Max=(X=558.301 Y=-891.699 Z=120.013) RuntimeGrid:None EditorOnly:false RuntimeOnly:false HLODRelevant:false ListedInSceneOutliner:true IsMainWorldOnly:false FolderPath:SimulatedCubes FolderGuid:9AEEADCB4DC6C647D6E7C0B4EDA1744F
 |- ContainerInstances:
 |- [+] MainContainer:
 |   |-        ID: 00000000000000000000000000000000
 |   |-  ParentID: 00000000000000000000000000000000
 |   |-    Bounds: IsValid=false, Min=(X=0.000 Y=0.000 Z=0.000), Max=(X=0.000 Y=0.000 Z=0.000)
 |   |- Transform: 0.000000,0.000000,0.000000|0.000000,0.000000,-0.000000|1.000000,1.000000,1.000000
 |   |- Container: /Game/FirstPerson/Maps/FirstPersonMap
----------------------------------------------------------------------------------------------------------------
FirstPersonMap - Persistent Level
----------------------------------------------------------------------------------------------------------------
[+] Content of FirstPersonMap Persistent Level
 |- Always loaded Actor Count: 33 
 |- Actor Path: /Game/FirstPerson/Maps/FirstPersonMap.FirstPersonMap:PersistentLevel.BP_Portal_C_UAID_A8A159A9688BFCD002_2143352495
 |- Actor Package: /Game/__ExternalActors__/FirstPerson/Maps/FirstPersonMap/1/0C/3N4986MHUHIEYN44Q9A11Q
 |- Actor Path: /Game/FirstPerson/Maps/FirstPersonMap.FirstPersonMap:PersistentLevel.BP_Portal_C_UAID_A8A159A9688BFDD002_1137658672
 |- Actor Package: /Game/__ExternalActors__/FirstPerson/Maps/FirstPersonMap/7/H3/1JQW6Y6NDEPAOA27XYJPDY
 |- Actor Path: /Game/FirstPerson/Maps/FirstPersonMap.FirstPersonMap:PersistentLevel.BP_Rifle_C_1
 |- Actor Package: /Game/__ExternalActors__/FirstPerson/Maps/FirstPersonMap/5/8C/EAHCBN229IT8APJO305AH5
 |- Actor Path: /Game/FirstPerson/Maps/FirstPersonMap.FirstPersonMap:PersistentLevel.DirectionalLight_1
 |- Actor Package: /Game/__ExternalActors__/FirstPerson/Maps/FirstPersonMap/0/WB/V4ALNTJYOVWM8BU452CKV5
 |- Actor Path: /Game/FirstPerson/Maps/FirstPersonMap.FirstPersonMap:PersistentLevel.ExponentialHeightFog_0
 |- Actor Package: /Game/__ExternalActors__/FirstPerson/Maps/FirstPersonMap/0/CL/381LM03PFI8AF9NED1SEV2
 |- Actor Path: /Game/FirstPerson/Maps/FirstPersonMap.FirstPersonMap:PersistentLevel.MyPerlinProcTerrain_C_UAID_A8A159A9688BFDD002_1972361673
 |- Actor Package: /Game/__ExternalActors__/FirstPerson/Maps/FirstPersonMap/9/C2/KZUJBHQNRDSNGVP0D3DQER
 |- Actor Path: /Game/FirstPerson/Maps/FirstPersonMap.FirstPersonMap:PersistentLevel.PlayerStart_UAID_A8A159A9688BFCD002_1102831520
 |- Actor Package: /Game/__ExternalActors__/FirstPerson/Maps/FirstPersonMap/5/2Z/HTW6XF0EMHUR5VMNYOUR1O
 |- Actor Path: /Game/FirstPerson/Maps/FirstPersonMap.FirstPersonMap:PersistentLevel.PostProcessVolume_0
 |- Actor Package: /Game/__ExternalActors__/FirstPerson/Maps/FirstPersonMap/E/MX/R1GV431P5FDO08OFULRA01
 |- Actor Path: /Game/FirstPerson/Maps/FirstPersonMap.FirstPersonMap:PersistentLevel.SkyAtmosphere_0
 |- Actor Package: /Game/__ExternalActors__/FirstPerson/Maps/FirstPersonMap/C/VO/VMN4G7K3NKKV6F8HTPHHDB
 |- Actor Path: /Game/FirstPerson/Maps/FirstPersonMap.FirstPersonMap:PersistentLevel.SkyLight_0
 |- Actor Package: /Game/__ExternalActors__/FirstPerson/Maps/FirstPersonMap/6/0Z/5RQIHCZ9W3UXRGL4LTLQAK
 |- Actor Path: /Game/FirstPerson/Maps/FirstPersonMap.FirstPersonMap:PersistentLevel.StaticMeshActor_1
 |- Actor Package: /Game/__ExternalActors__/FirstPerson/Maps/FirstPersonMap/3/C8/Z38FT77DKZLKDXTQ7PZNM4
 |- Actor Path: /Game/FirstPerson/Maps/FirstPersonMap.FirstPersonMap:PersistentLevel.StaticMeshActor_29
 |- Actor Package: /Game/__ExternalActors__/FirstPerson/Maps/FirstPersonMap/C/P8/0GJ9TLQE2YKOIFZ6YHG33H
 |- Actor Path: /Game/FirstPerson/Maps/FirstPersonMap.FirstPersonMap:PersistentLevel.StaticMeshActor_43
 |- Actor Package: /Game/__ExternalActors__/FirstPerson/Maps/FirstPersonMap/7/GI/GZM47KS5FPIQH5TLSYC1ME
 |- Actor Path: /Game/FirstPerson/Maps/FirstPersonMap.FirstPersonMap:PersistentLevel.StaticMeshActor_44
 |- Actor Package: /Game/__ExternalActors__/FirstPerson/Maps/FirstPersonMap/8/CF/ZNIOCRD90Z70MMV9NMW778
 |- Actor Path: /Game/FirstPerson/Maps/FirstPersonMap.FirstPersonMap:PersistentLevel.StaticMeshActor_UAID_A4AE111137DC5EFB00_2001720423
 |- Actor Package: /Game/__ExternalActors__/FirstPerson/Maps/FirstPersonMap/C/ZU/PDQ0AB8RLNMVID876FD49G
 |- Actor Path: /Game/FirstPerson/Maps/FirstPersonMap.FirstPersonMap:PersistentLevel.StaticMeshActor_UAID_A8A159A9688BF8D002_1541686794
 |- Actor Package: /Game/__ExternalActors__/FirstPerson/Maps/FirstPersonMap/2/G1/0B1S9YF7Y1I0CY7VTYU7G6
 |- Actor Path: /Game/FirstPerson/Maps/FirstPersonMap.FirstPersonMap:PersistentLevel.StaticMeshActor_UAID_A8A159A9688BF8D002_1653425795
 |- Actor Package: /Game/__ExternalActors__/FirstPerson/Maps/FirstPersonMap/1/TO/U6L4UCMLJLRYOMHGOY2BD3
 |- Actor Path: /Game/FirstPerson/Maps/FirstPersonMap.FirstPersonMap:PersistentLevel.StaticMeshActor_UAID_A8A159A9688BF8D002_1759496797
 |- Actor Package: /Game/__ExternalActors__/FirstPerson/Maps/FirstPersonMap/9/KB/DO5K01KPKKO4GI0J4480I6
 |- Actor Path: /Game/FirstPerson/Maps/FirstPersonMap.FirstPersonMap:PersistentLevel.StaticMeshActor_UAID_A8A159A9688BF8D002_1802584798
 |- Actor Package: /Game/__ExternalActors__/FirstPerson/Maps/FirstPersonMap/D/CV/SKOQ7OZ7ZRWH76NR6JOENZ
 |- Actor Path: /Game/FirstPerson/Maps/FirstPersonMap.FirstPersonMap:PersistentLevel.StaticMeshActor_UAID_A8A159A9688BF8D002_1833617799
 |- Actor Package: /Game/__ExternalActors__/FirstPerson/Maps/FirstPersonMap/3/WL/UQMTRPB03ZT6UCZDAQTWQ2
 |- Actor Path: /Game/FirstPerson/Maps/FirstPersonMap.FirstPersonMap:PersistentLevel.StaticMeshActor_UAID_A8A159A9688BF8D002_1878425800
 |- Actor Package: /Game/__ExternalActors__/FirstPerson/Maps/FirstPersonMap/D/ZC/1FCFFQH41QP675SO7X7NCD
 |- Actor Path: /Game/FirstPerson/Maps/FirstPersonMap.FirstPersonMap:PersistentLevel.StaticMeshActor_UAID_A8A159A9688BF8D002_1888879801
 |- Actor Package: /Game/__ExternalActors__/FirstPerson/Maps/FirstPersonMap/B/CW/5XN9F1WPBBOVHFVBYLU5JQ
 |- Actor Path: /Game/FirstPerson/Maps/FirstPersonMap.FirstPersonMap:PersistentLevel.StaticMeshActor_UAID_A8A159A9688BF8D002_1975288802
 |- Actor Package: /Game/__ExternalActors__/FirstPerson/Maps/FirstPersonMap/6/E3/9XML5T4YGTQ1TY7E483P5H
 |- Actor Path: /Game/FirstPerson/Maps/FirstPersonMap.FirstPersonMap:PersistentLevel.StaticMeshActor_UAID_A8A159A9688BF8D002_1975292804
 |- Actor Package: /Game/__ExternalActors__/FirstPerson/Maps/FirstPersonMap/2/WE/GRVXLKZUBJHD4LW5X3D5ZC
 |- Actor Path: /Game/FirstPerson/Maps/FirstPersonMap.FirstPersonMap:PersistentLevel.StaticMeshActor_UAID_A8A159A9688BF8D002_1975297807
 |- Actor Package: /Game/__ExternalActors__/FirstPerson/Maps/FirstPersonMap/D/MM/XDIZA9REYB7G0HV61J6HUE
 |- Actor Path: /Game/FirstPerson/Maps/FirstPersonMap.FirstPersonMap:PersistentLevel.StaticMeshActor_UAID_A8A159A9688BF9D002_1090019986
 |- Actor Package: /Game/__ExternalActors__/FirstPerson/Maps/FirstPersonMap/B/2N/XXHERO3DKXWCDBI97BINS1
 |- Actor Path: /Game/FirstPerson/Maps/FirstPersonMap.FirstPersonMap:PersistentLevel.StaticMeshActor_UAID_A8A159A9688BF9D002_1101227987
 |- Actor Package: /Game/__ExternalActors__/FirstPerson/Maps/FirstPersonMap/1/K0/GHWHJS2SEWU7EX6SEXBIC6
 |- Actor Path: /Game/FirstPerson/Maps/FirstPersonMap.FirstPersonMap:PersistentLevel.TextRenderActor_1
 |- Actor Package: /Game/__ExternalActors__/FirstPerson/Maps/FirstPersonMap/1/RN/55P1SMQLAF7OK6300D5I8N
 |- Actor Path: /Game/FirstPerson/Maps/FirstPersonMap.FirstPersonMap:PersistentLevel.TextRenderActor_UAID_A8A159A9688BF7D002_1916784615
 |- Actor Package: /Game/__ExternalActors__/FirstPerson/Maps/FirstPersonMap/1/AX/0MZ5B9U3OZVAI0IY1N1ZFY
 |- Actor Path: /Game/FirstPerson/Maps/FirstPersonMap.FirstPersonMap:PersistentLevel.TextRenderActor_UAID_A8A159A9688BF8D002_2033071808
 |- Actor Package: /Game/__ExternalActors__/FirstPerson/Maps/FirstPersonMap/2/35/DH8VZJAAC3JAN5V6HYBJ9S
 |- Actor Path: /Game/FirstPerson/Maps/FirstPersonMap.FirstPersonMap:PersistentLevel.TextRenderActor_UAID_A8A159A9688BF8D002_2033075809
 |- Actor Package: /Game/__ExternalActors__/FirstPerson/Maps/FirstPersonMap/7/10/E3XQ70J11BO2MKTVQ3R1T7
 |- Actor Path: /Game/FirstPerson/Maps/FirstPersonMap.FirstPersonMap:PersistentLevel.VolumetricCloud_0
 |- Actor Package: /Game/__ExternalActors__/FirstPerson/Maps/FirstPersonMap/0/GO/I8WEFD3RY9V3NVQLSU6QM4
 |- Actor Path: /Game/FirstPerson/Maps/FirstPersonMap.FirstPersonMap:PersistentLevel.WorldDataLayers
 |- Actor Package: /Game/__ExternalActors__/FirstPerson/Maps/FirstPersonMap/D/0W/E1FKEGVKGOLM7HGLQPCIPO

----------------------------------------------------------------------------------------------------------------
FirstPersonMap - Runtime Hash Set
----------------------------------------------------------------------------------------------------------------

